# JRE version: Java(TM) SE Runtime Environment (8.0_121-b13) (build 1.8.0_121-b13)
# Java VM: Java HotSpot(TM) 64-Bit Server VM (25.121-b13 mixed mode bsd-amd64 compressed oops)
Heap:
 PSYoungGen      total 46080K, used 23461K [0x000000076ab00000, 0x000000076e180000, 0x00000007c0000000)
  eden space 45568K, 51% used [0x000000076ab00000,0x000000076c1c9778,0x000000076d780000)
  from space 512K, 25% used [0x000000076d800000,0x000000076d820000,0x000000076d880000)
  to   space 5120K, 0% used [0x000000076dc80000,0x000000076dc80000,0x000000076e180000)
 ParOldGen       total 175104K, used 6318K [0x00000006c0000000, 0x00000006cab00000, 0x000000076ab00000)
  object space 175104K, 3% used [0x00000006c0000000,0x00000006c062b800,0x00000006cab00000)
 Metaspace       used 13701K, capacity 14326K, committed 14592K, reserved 1062912K
  class space    used 1774K, capacity 1933K, committed 2048K, reserved 1048576K
GC Heap History (10 events):
Event: 43.636 GC heap before
{Heap before GC invocations=21 (full 0):
 PSYoungGen      total 53248K, used 48224K [0x000000076ab00000, 0x000000076e700000, 0x00000007c0000000)
  eden space 48128K, 100% used [0x000000076ab00000,0x000000076da00000,0x000000076da00000)
  from space 5120K, 1% used [0x000000076e200000,0x000000076e218000,0x000000076e700000)
  to   space 6656K, 0% used [0x000000076da00000,0x000000076da00000,0x000000076e080000)
 ParOldGen       total 175104K, used 6214K [0x00000006c0000000, 0x00000006cab00000, 0x000000076ab00000)
  object space 175104K, 3% used [0x00000006c0000000,0x00000006c0611800,0x00000006cab00000)
 Metaspace       used 13561K, capacity 14150K, committed 14336K, reserved 1060864K
  class space    used 1767K, capacity 1923K, committed 2048K, reserved 1048576K
Event: 43.637 GC heap after
Heap after GC invocations=21 (full 0):
 PSYoungGen      total 48128K, used 160K [0x000000076ab00000, 0x000000076e680000, 0x00000007c0000000)
  eden space 47616K, 0% used [0x000000076ab00000,0x000000076ab00000,0x000000076d980000)
  from space 512K, 31% used [0x000000076da00000,0x000000076da28000,0x000000076da80000)
  to   space 6656K, 0% used [0x000000076e000000,0x000000076e000000,0x000000076e680000)
 ParOldGen       total 175104K, used 6238K [0x00000006c0000000, 0x00000006cab00000, 0x000000076ab00000)
  object space 175104K, 3% used [0x00000006c0000000,0x00000006c0617800,0x00000006cab00000)
 Metaspace       used 13561K, capacity 14150K, committed 14336K, reserved 1060864K
  class space    used 1767K, capacity 1923K, committed 2048K, reserved 1048576K
}
Event: 45.626 GC heap before
{Heap before GC invocations=22 (full 0):
 PSYoungGen      total 48128K, used 47776K [0x000000076ab00000, 0x000000076e680000, 0x00000007c0000000)
  eden space 47616K, 100% used [0x000000076ab00000,0x000000076d980000,0x000000076d980000)
  from space 512K, 31% used [0x000000076da00000,0x000000076da28000,0x000000076da80000)
  to   space 6656K, 0% used [0x000000076e000000,0x000000076e000000,0x000000076e680000)
 ParOldGen       total 175104K, used 6238K [0x00000006c0000000, 0x00000006cab00000, 0x000000076ab00000)
  object space 175104K, 3% used [0x00000006c0000000,0x00000006c0617800,0x00000006cab00000)
 Metaspace       used 13588K, capacity 14214K, committed 14592K, reserved 1062912K
  class space    used 1767K, capacity 1923K, committed 2048K, reserved 1048576K
Event: 45.627 GC heap after
Heap after GC invocations=22 (full 0):
 PSYoungGen      total 52224K, used 64K [0x000000076ab00000, 0x000000076e500000, 0x00000007c0000000)
  eden space 47104K, 0% used [0x000000076ab00000,0x000000076ab00000,0x000000076d900000)
  from space 5120K, 1% used [0x000000076e000000,0x000000076e010000,0x000000076e500000)
  to   space 6144K, 0% used [0x000000076d900000,0x000000076d900000,0x000000076df00000)
 ParOldGen       total 175104K, used 6262K [0x00000006c0000000, 0x00000006cab00000, 0x000000076ab00000)
  object space 175104K, 3% used [0x00000006c0000000,0x00000006c061d800,0x00000006cab00000)
 Metaspace       used 13588K, capacity 14214K, committed 14592K, reserved 1062912K
  class space    used 1767K, capacity 1923K, committed 2048K, reserved 1048576K
}
Event: 47.758 GC heap before
{Heap before GC invocations=23 (full 0):
 PSYoungGen      total 52224K, used 47168K [0x000000076ab00000, 0x000000076e500000, 0x00000007c0000000)
  eden space 47104K, 100% used [0x000000076ab00000,0x000000076d900000,0x000000076d900000)
  from space 5120K, 1% used [0x000000076e000000,0x000000076e010000,0x000000076e500000)
  to   space 6144K, 0% used [0x000000076d900000,0x000000076d900000,0x000000076df00000)
 ParOldGen       total 175104K, used 6262K [0x00000006c0000000, 0x00000006cab00000, 0x000000076ab00000)
  object space 175104K, 3% used [0x00000006c0000000,0x00000006c061d800,0x00000006cab00000)
 Metaspace       used 13631K, capacity 14214K, committed 14592K, reserved 1062912K
  class space    used 1767K, capacity 1923K, committed 2048K, reserved 1048576K
Event: 47.758 GC heap after
Heap after GC invocations=23 (full 0):
 PSYoungGen      total 47104K, used 128K [0x000000076ab00000, 0x000000076e380000, 0x00000007c0000000)
  eden space 46592K, 0% used [0x000000076ab00000,0x000000076ab00000,0x000000076d880000)
  from space 512K, 25% used [0x000000076d900000,0x000000076d920000,0x000000076d980000)
  to   space 5632K, 0% used [0x000000076de00000,0x000000076de00000,0x000000076e380000)
 ParOldGen       total 175104K, used 6286K [0x00000006c0000000, 0x00000006cab00000, 0x000000076ab00000)
  object space 175104K, 3% used [0x00000006c0000000,0x00000006c0623800,0x00000006cab00000)
 Metaspace       used 13631K, capacity 14214K, committed 14592K, reserved 1062912K
  class space    used 1767K, capacity 1923K, committed 2048K, reserved 1048576K
}
Event: 49.499 GC heap before
{Heap before GC invocations=24 (full 0):
 PSYoungGen      total 47104K, used 46720K [0x000000076ab00000, 0x000000076e380000, 0x00000007c0000000)
  eden space 46592K, 100% used [0x000000076ab00000,0x000000076d880000,0x000000076d880000)
  from space 512K, 25% used [0x000000076d900000,0x000000076d920000,0x000000076d980000)
  to   space 5632K, 0% used [0x000000076de00000,0x000000076de00000,0x000000076e380000)
 ParOldGen       total 175104K, used 6286K [0x00000006c0000000, 0x00000006cab00000, 0x000000076ab00000)
  object space 175104K, 3% used [0x00000006c0000000,0x00000006c0623800,0x00000006cab00000)
 Metaspace       used 13654K, capacity 14278K, committed 14592K, reserved 1062912K
  class space    used 1767K, capacity 1923K, committed 2048K, reserved 1048576K
Event: 49.500 GC heap after
Heap after GC invocations=24 (full 0):
 PSYoungGen      total 51200K, used 128K [0x000000076ab00000, 0x000000076e300000, 0x00000007c0000000)
  eden space 46080K, 0% used [0x000000076ab00000,0x000000076ab00000,0x000000076d800000)
  from space 5120K, 2% used [0x000000076de00000,0x000000076de20000,0x000000076e300000)
  to   space 5632K, 0% used [0x000000076d800000,0x000000076d800000,0x000000076dd80000)
 ParOldGen       total 175104K, used 6294K [0x00000006c0000000, 0x00000006cab00000, 0x000000076ab00000)
  object space 175104K, 3% used [0x00000006c0000000,0x00000006c0625800,0x00000006cab00000)
 Metaspace       used 13654K, capacity 14278K, committed 14592K, reserved 1062912K
  class space    used 1767K, capacity 1923K, committed 2048K, reserved 1048576K
}
Event: 51.798 GC heap before
{Heap before GC invocations=25 (full 0):
 PSYoungGen      total 51200K, used 46208K [0x000000076ab00000, 0x000000076e300000, 0x00000007c0000000)
  eden space 46080K, 100% used [0x000000076ab00000,0x000000076d800000,0x000000076d800000)
  from space 5120K, 2% used [0x000000076de00000,0x000000076de20000,0x000000076e300000)
  to   space 5632K, 0% used [0x000000076d800000,0x000000076d800000,0x000000076dd80000)
 ParOldGen       total 175104K, used 6294K [0x00000006c0000000, 0x00000006cab00000, 0x000000076ab00000)
  object space 175104K, 3% used [0x00000006c0000000,0x00000006c0625800,0x00000006cab00000)
 Metaspace       used 13666K, capacity 14278K, committed 14592K, reserved 1062912K
  class space    used 1768K, capacity 1923K, committed 2048K, reserved 1048576K
Event: 51.798 GC heap after
Heap after GC invocations=25 (full 0):
 PSYoungGen      total 46080K, used 128K [0x000000076ab00000, 0x000000076e180000, 0x00000007c0000000)
  eden space 45568K, 0% used [0x000000076ab00000,0x000000076ab00000,0x000000076d780000)
  from space 512K, 25% used [0x000000076d800000,0x000000076d820000,0x000000076d880000)
  to   space 5120K, 0% used [0x000000076dc80000,0x000000076dc80000,0x000000076e180000)
 ParOldGen       total 175104K, used 6318K [0x00000006c0000000, 0x00000006cab00000, 0x000000076ab00000)
  object space 175104K, 3% used [0x00000006c0000000,0x00000006c062b800,0x00000006cab00000)
 Metaspace       used 13666K, capacity 14278K, committed 14592K, reserved 1062912K
  class space    used 1768K, capacity 1923K, committed 2048K, reserved 1048576K
}

