# JRE version: Java(TM) SE Runtime Environment (8.0_121-b13) (build 1.8.0_121-b13)
# Java VM: Java HotSpot(TM) 64-Bit Server VM (25.121-b13 mixed mode bsd-amd64 compressed oops)
Heap:
 PSYoungGen      total 38400K, used 10631K [0x000000076ab00000, 0x000000076d580000, 0x00000007c0000000)
  eden space 37888K, 27% used [0x000000076ab00000,0x000000076b541e30,0x000000076d000000)
  from space 512K, 25% used [0x000000076d500000,0x000000076d520000,0x000000076d580000)
  to   space 1024K, 0% used [0x000000076d380000,0x000000076d380000,0x000000076d480000)
 ParOldGen       total 175104K, used 2789K [0x00000006c0000000, 0x00000006cab00000, 0x000000076ab00000)
  object space 175104K, 1% used [0x00000006c0000000,0x00000006c02b9490,0x00000006cab00000)
 Metaspace       used 12240K, capacity 12838K, committed 13056K, reserved 1060864K
  class space    used 1536K, capacity 1701K, committed 1792K, reserved 1048576K
GC Heap History (10 events):
Event: 115.267 GC heap before
{Heap before GC invocations=36 (full 0):
 PSYoungGen      total 41984K, used 40576K [0x000000076ab00000, 0x000000076d700000, 0x00000007c0000000)
  eden space 40448K, 100% used [0x000000076ab00000,0x000000076d280000,0x000000076d280000)
  from space 1536K, 8% used [0x000000076d400000,0x000000076d420000,0x000000076d580000)
  to   space 1024K, 0% used [0x000000076d600000,0x000000076d600000,0x000000076d700000)
 ParOldGen       total 175104K, used 2653K [0x00000006c0000000, 0x00000006cab00000, 0x000000076ab00000)
  object space 175104K, 1% used [0x00000006c0000000,0x00000006c0297490,0x00000006cab00000)
 Metaspace       used 12217K, capacity 12802K, committed 13056K, reserved 1060864K
  class space    used 1531K, capacity 1693K, committed 1792K, reserved 1048576K
Event: 115.268 GC heap after
Heap after GC invocations=36 (full 0):
 PSYoungGen      total 40448K, used 128K [0x000000076ab00000, 0x000000076d680000, 0x00000007c0000000)
  eden space 39936K, 0% used [0x000000076ab00000,0x000000076ab00000,0x000000076d200000)
  from space 512K, 25% used [0x000000076d600000,0x000000076d620000,0x000000076d680000)
  to   space 1024K, 0% used [0x000000076d480000,0x000000076d480000,0x000000076d580000)
 ParOldGen       total 175104K, used 2685K [0x00000006c0000000, 0x00000006cab00000, 0x000000076ab00000)
  object space 175104K, 1% used [0x00000006c0000000,0x00000006c029f490,0x00000006cab00000)
 Metaspace       used 12217K, capacity 12802K, committed 13056K, reserved 1060864K
  class space    used 1531K, capacity 1693K, committed 1792K, reserved 1048576K
}
Event: 122.780 GC heap before
{Heap before GC invocations=37 (full 0):
 PSYoungGen      total 40448K, used 40064K [0x000000076ab00000, 0x000000076d680000, 0x00000007c0000000)
  eden space 39936K, 100% used [0x000000076ab00000,0x000000076d200000,0x000000076d200000)
  from space 512K, 25% used [0x000000076d600000,0x000000076d620000,0x000000076d680000)
  to   space 1024K, 0% used [0x000000076d480000,0x000000076d480000,0x000000076d580000)
 ParOldGen       total 175104K, used 2685K [0x00000006c0000000, 0x00000006cab00000, 0x000000076ab00000)
  object space 175104K, 1% used [0x00000006c0000000,0x00000006c029f490,0x00000006cab00000)
 Metaspace       used 12218K, capacity 12802K, committed 13056K, reserved 1060864K
  class space    used 1531K, capacity 1693K, committed 1792K, reserved 1048576K
Event: 122.781 GC heap after
Heap after GC invocations=37 (full 0):
 PSYoungGen      total 40448K, used 128K [0x000000076ab00000, 0x000000076d680000, 0x00000007c0000000)
  eden space 39424K, 0% used [0x000000076ab00000,0x000000076ab00000,0x000000076d180000)
  from space 1024K, 12% used [0x000000076d480000,0x000000076d4a0000,0x000000076d580000)
  to   space 1024K, 0% used [0x000000076d580000,0x000000076d580000,0x000000076d680000)
 ParOldGen       total 175104K, used 2709K [0x00000006c0000000, 0x00000006cab00000, 0x000000076ab00000)
  object space 175104K, 1% used [0x00000006c0000000,0x00000006c02a5490,0x00000006cab00000)
 Metaspace       used 12218K, capacity 12802K, committed 13056K, reserved 1060864K
  class space    used 1531K, capacity 1693K, committed 1792K, reserved 1048576K
}
Event: 128.735 GC heap before
{Heap before GC invocations=38 (full 0):
 PSYoungGen      total 40448K, used 39552K [0x000000076ab00000, 0x000000076d680000, 0x00000007c0000000)
  eden space 39424K, 100% used [0x000000076ab00000,0x000000076d180000,0x000000076d180000)
  from space 1024K, 12% used [0x000000076d480000,0x000000076d4a0000,0x000000076d580000)
  to   space 1024K, 0% used [0x000000076d580000,0x000000076d580000,0x000000076d680000)
 ParOldGen       total 175104K, used 2709K [0x00000006c0000000, 0x00000006cab00000, 0x000000076ab00000)
  object space 175104K, 1% used [0x00000006c0000000,0x00000006c02a5490,0x00000006cab00000)
 Metaspace       used 12218K, capacity 12802K, committed 13056K, reserved 1060864K
  class space    used 1531K, capacity 1693K, committed 1792K, reserved 1048576K
Event: 128.736 GC heap after
Heap after GC invocations=38 (full 0):
 PSYoungGen      total 39424K, used 128K [0x000000076ab00000, 0x000000076d600000, 0x00000007c0000000)
  eden space 38912K, 0% used [0x000000076ab00000,0x000000076ab00000,0x000000076d100000)
  from space 512K, 25% used [0x000000076d580000,0x000000076d5a0000,0x000000076d600000)
  to   space 1024K, 0% used [0x000000076d400000,0x000000076d400000,0x000000076d500000)
 ParOldGen       total 175104K, used 2733K [0x00000006c0000000, 0x00000006cab00000, 0x000000076ab00000)
  object space 175104K, 1% used [0x00000006c0000000,0x00000006c02ab490,0x00000006cab00000)
 Metaspace       used 12218K, capacity 12802K, committed 13056K, reserved 1060864K
  class space    used 1531K, capacity 1693K, committed 1792K, reserved 1048576K
}
Event: 133.599 GC heap before
{Heap before GC invocations=39 (full 0):
 PSYoungGen      total 39424K, used 39040K [0x000000076ab00000, 0x000000076d600000, 0x00000007c0000000)
  eden space 38912K, 100% used [0x000000076ab00000,0x000000076d100000,0x000000076d100000)
  from space 512K, 25% used [0x000000076d580000,0x000000076d5a0000,0x000000076d600000)
  to   space 1024K, 0% used [0x000000076d400000,0x000000076d400000,0x000000076d500000)
 ParOldGen       total 175104K, used 2733K [0x00000006c0000000, 0x00000006cab00000, 0x000000076ab00000)
  object space 175104K, 1% used [0x00000006c0000000,0x00000006c02ab490,0x00000006cab00000)
 Metaspace       used 12218K, capacity 12802K, committed 13056K, reserved 1060864K
  class space    used 1531K, capacity 1693K, committed 1792K, reserved 1048576K
Event: 133.600 GC heap after
Heap after GC invocations=39 (full 0):
 PSYoungGen      total 39424K, used 128K [0x000000076ab00000, 0x000000076d600000, 0x00000007c0000000)
  eden space 38400K, 0% used [0x000000076ab00000,0x000000076ab00000,0x000000076d080000)
  from space 1024K, 12% used [0x000000076d400000,0x000000076d420000,0x000000076d500000)
  to   space 1024K, 0% used [0x000000076d500000,0x000000076d500000,0x000000076d600000)
 ParOldGen       total 175104K, used 2757K [0x00000006c0000000, 0x00000006cab00000, 0x000000076ab00000)
  object space 175104K, 1% used [0x00000006c0000000,0x00000006c02b1490,0x00000006cab00000)
 Metaspace       used 12218K, capacity 12802K, committed 13056K, reserved 1060864K
  class space    used 1531K, capacity 1693K, committed 1792K, reserved 1048576K
}
Event: 138.004 GC heap before
{Heap before GC invocations=40 (full 0):
 PSYoungGen      total 39424K, used 38528K [0x000000076ab00000, 0x000000076d600000, 0x00000007c0000000)
  eden space 38400K, 100% used [0x000000076ab00000,0x000000076d080000,0x000000076d080000)
  from space 1024K, 12% used [0x000000076d400000,0x000000076d420000,0x000000076d500000)
  to   space 1024K, 0% used [0x000000076d500000,0x000000076d500000,0x000000076d600000)
 ParOldGen       total 175104K, used 2757K [0x00000006c0000000, 0x00000006cab00000, 0x000000076ab00000)
  object space 175104K, 1% used [0x00000006c0000000,0x00000006c02b1490,0x00000006cab00000)
 Metaspace       used 12219K, capacity 12802K, committed 13056K, reserved 1060864K
  class space    used 1531K, capacity 1693K, committed 1792K, reserved 1048576K
Event: 138.005 GC heap after
Heap after GC invocations=40 (full 0):
 PSYoungGen      total 38400K, used 128K [0x000000076ab00000, 0x000000076d580000, 0x00000007c0000000)
  eden space 37888K, 0% used [0x000000076ab00000,0x000000076ab00000,0x000000076d000000)
  from space 512K, 25% used [0x000000076d500000,0x000000076d520000,0x000000076d580000)
  to   space 1024K, 0% used [0x000000076d380000,0x000000076d380000,0x000000076d480000)
 ParOldGen       total 175104K, used 2789K [0x00000006c0000000, 0x00000006cab00000, 0x000000076ab00000)
  object space 175104K, 1% used [0x00000006c0000000,0x00000006c02b9490,0x00000006cab00000)
 Metaspace       used 12219K, capacity 12802K, committed 13056K, reserved 1060864K
  class space    used 1531K, capacity 1693K, committed 1792K, reserved 1048576K
}

